[18:46:39.196|INFO ] insulae.EntryPoint                      : Starting application
[18:46:39.212|DEBUG] jetty.JettyRunner                       : Extracting war file.
[18:46:39.920|INFO ] insulae.WarExtractor                    : Extracted insulae-web-1.0.0-SNAPSHOT.war from CodeSource.
[18:46:39.920|DEBUG] jetty.JettyRunner                       : Extracted insulae-web-1.0.0-SNAPSHOT.war
[18:46:39.920|DEBUG] jetty.JettyRunner                       : Creating Jetty server at port 80, using WAR insulae-web-1.0.0-SNAPSHOT.war
[18:46:39.977|DEBUG] jetty.JettyRunner                       : Jetty server created.
[18:46:39.977|DEBUG] jetty.JettyContainer                    : Waiting for Jetty server to come online...
[18:46:39.977|DEBUG] jetty.JettyRunner                       : Starting Jetty server.
[18:46:40.227|DEBUG] jetty.JettyContainer                    : Waiting for Jetty server to come online...
[18:46:40.477|DEBUG] jetty.JettyContainer                    : Waiting for Jetty server to come online...
[18:46:40.731|DEBUG] jetty.JettyContainer                    : Waiting for Jetty server to come online...
[18:46:40.981|DEBUG] jetty.JettyContainer                    : Waiting for Jetty server to come online...
[18:46:41.074|DEBUG] jetty.JettyRunner                       : Jetty server started.
[18:46:41.231|INFO ] jetty.JettyContainer                    : Jetty server is online.
[18:46:50.979|DEBUG] cli.Cli                                 : Received command 'help'.
[18:46:52.786|DEBUG] cli.Cli                                 : Received command 'cli help'.
[18:47:07.123|DEBUG] cli.Cli                                 : Received command 'jetty start'.
[18:47:13.122|DEBUG] cli.Cli                                 : Received command 'jetty start 8080'.
[18:47:13.123|INFO ] jetty.JettyContainer                    : Waiting for server shutdown...
[18:47:13.336|DEBUG] jetty.JettyRunner                       : Stopping Jetty server.
[18:47:13.373|INFO ] jetty.JettyContainer                    : Waiting for server shutdown...
[18:47:13.443|DEBUG] jetty.JettyRunner                       : Jetty server stopped.
[18:47:13.443|DEBUG] jetty.JettyRunner                       : Cleaning up.
[18:47:13.623|INFO ] jetty.JettyContainer                    : Server is offline, exiting.
[18:47:13.623|DEBUG] jetty.JettyRunner                       : Extracting war file.
[18:47:14.306|INFO ] insulae.WarExtractor                    : Extracted insulae-web-1.0.0-SNAPSHOT.war from CodeSource.
[18:47:14.306|DEBUG] jetty.JettyRunner                       : Extracted insulae-web-1.0.0-SNAPSHOT.war
[18:47:14.306|DEBUG] jetty.JettyRunner                       : Creating Jetty server at port 8080, using WAR insulae-web-1.0.0-SNAPSHOT.war
[18:47:14.306|DEBUG] jetty.JettyRunner                       : Jetty server created.
[18:47:14.306|DEBUG] jetty.JettyContainer                    : Waiting for Jetty server to come online...
[18:47:14.306|DEBUG] jetty.JettyRunner                       : Starting Jetty server.
[18:47:14.556|DEBUG] jetty.JettyContainer                    : Waiting for Jetty server to come online...
[18:47:14.584|DEBUG] jetty.JettyRunner                       : Jetty server started.
[18:47:14.806|INFO ] jetty.JettyContainer                    : Jetty server is online.
[18:48:43.706|DEBUG] cli.Cli                                 : Received command 'jetty stop'.
[18:48:43.707|INFO ] jetty.JettyContainer                    : Waiting for server shutdown...
[18:48:43.864|DEBUG] jetty.JettyRunner                       : Stopping Jetty server.
[18:48:43.957|INFO ] jetty.JettyContainer                    : Waiting for server shutdown...
[18:48:43.988|DEBUG] jetty.JettyRunner                       : Jetty server stopped.
[18:48:43.988|DEBUG] jetty.JettyRunner                       : Cleaning up.
[18:48:44.207|INFO ] jetty.JettyContainer                    : Server is offline, exiting.
[18:48:45.250|DEBUG] cli.Cli                                 : Received command 'exit'.
[18:48:47.146|DEBUG] cli.Cli                                 : Received command 'cli exit'.
[18:50:43.629|INFO ] insulae.EntryPoint                      : Starting application
[18:50:43.634|DEBUG] jetty.JettyRunner                       : Extracting war file.
[18:50:44.317|INFO ] insulae.WarExtractor                    : Extracted insulae-web-1.0.0-SNAPSHOT.war from CodeSource.
[18:50:44.317|DEBUG] jetty.JettyRunner                       : Extracted insulae-web-1.0.0-SNAPSHOT.war
[18:50:44.317|DEBUG] jetty.JettyRunner                       : Creating Jetty server at port 80, using WAR insulae-web-1.0.0-SNAPSHOT.war
[18:50:44.352|DEBUG] jetty.JettyRunner                       : Jetty server created.
[18:50:44.352|DEBUG] jetty.JettyContainer                    : Waiting for Jetty server to come online...
[18:50:44.353|DEBUG] jetty.JettyRunner                       : Starting Jetty server.
[18:50:44.603|DEBUG] jetty.JettyContainer                    : Waiting for Jetty server to come online...
[18:50:44.738|DEBUG] jetty.JettyRunner                       : Jetty server started.
[18:50:44.853|INFO ] jetty.JettyContainer                    : Jetty server is online.
[18:51:41.074|DEBUG] cli.Cli                                 : Received command 'jetty start 8080'.
[18:51:41.084|INFO ] jetty.JettyContainer                    : Waiting for server shutdown...
[18:51:41.252|DEBUG] jetty.JettyRunner                       : Stopping Jetty server.
[18:51:41.335|INFO ] jetty.JettyContainer                    : Waiting for server shutdown...
[18:51:41.357|DEBUG] jetty.JettyRunner                       : Jetty server stopped.
[18:51:41.357|DEBUG] jetty.JettyRunner                       : Cleaning up.
[18:51:41.585|INFO ] jetty.JettyContainer                    : Server is offline, exiting.
[18:51:41.585|DEBUG] jetty.JettyRunner                       : Extracting war file.
[18:51:42.251|INFO ] insulae.WarExtractor                    : Extracted insulae-web-1.0.0-SNAPSHOT.war from CodeSource.
[18:51:42.251|DEBUG] jetty.JettyRunner                       : Extracted insulae-web-1.0.0-SNAPSHOT.war
[18:51:42.251|DEBUG] jetty.JettyRunner                       : Creating Jetty server at port 8080, using WAR insulae-web-1.0.0-SNAPSHOT.war
[18:51:42.251|DEBUG] jetty.JettyRunner                       : Jetty server created.
[18:51:42.251|DEBUG] jetty.JettyContainer                    : Waiting for Jetty server to come online...
[18:51:42.251|DEBUG] jetty.JettyRunner                       : Starting Jetty server.
[18:51:42.501|DEBUG] jetty.JettyContainer                    : Waiting for Jetty server to come online...
[18:51:42.536|DEBUG] jetty.JettyRunner                       : Jetty server started.
[18:51:42.751|INFO ] jetty.JettyContainer                    : Jetty server is online.
[18:52:23.167|DEBUG] cli.Cli                                 : Received command 'jetty stop'.
[18:52:23.167|INFO ] jetty.JettyContainer                    : Waiting for server shutdown...
[18:52:23.297|DEBUG] jetty.JettyRunner                       : Stopping Jetty server.
[18:52:23.402|DEBUG] jetty.JettyRunner                       : Jetty server stopped.
[18:52:23.402|DEBUG] jetty.JettyRunner                       : Cleaning up.
[18:52:23.417|INFO ] jetty.JettyContainer                    : Server is offline, exiting.
[18:52:51.826|DEBUG] cli.Cli                                 : Received command 'jetty start 8080'.
[18:52:51.827|DEBUG] jetty.JettyRunner                       : Extracting war file.
[18:52:52.480|INFO ] insulae.WarExtractor                    : Extracted insulae-web-1.0.0-SNAPSHOT.war from CodeSource.
[18:52:52.480|DEBUG] jetty.JettyRunner                       : Extracted insulae-web-1.0.0-SNAPSHOT.war
[18:52:52.480|DEBUG] jetty.JettyRunner                       : Creating Jetty server at port 8080, using WAR insulae-web-1.0.0-SNAPSHOT.war
[18:52:52.480|DEBUG] jetty.JettyRunner                       : Jetty server created.
[18:52:52.480|DEBUG] jetty.JettyContainer                    : Waiting for Jetty server to come online...
[18:52:52.480|DEBUG] jetty.JettyRunner                       : Starting Jetty server.
[18:52:52.730|DEBUG] jetty.JettyContainer                    : Waiting for Jetty server to come online...
[18:52:52.870|DEBUG] jetty.JettyRunner                       : Jetty server started.
[18:52:52.980|INFO ] jetty.JettyContainer                    : Jetty server is online.
[18:52:58.738|DEBUG] cli.Cli                                 : Received command 'cli exit'.
[18:52:58.738|INFO ] jetty.JettyContainer                    : Waiting for server shutdown...
[18:52:58.870|DEBUG] jetty.JettyRunner                       : Stopping Jetty server.
[18:52:58.978|DEBUG] jetty.JettyRunner                       : Jetty server stopped.
[18:52:58.978|DEBUG] jetty.JettyRunner                       : Cleaning up.
[18:52:58.988|INFO ] jetty.JettyContainer                    : Server is offline, exiting.
