[19:15:32.594|INFO ] insulae.EntryPoint                      : Starting application
[19:15:33.274|INFO ] insulae.WarExtractor                    : Extracted insulae-web-1.0.0-SNAPSHOT.war from CodeSource.
[19:15:33.309|INFO ] mortbay.log                             : Logging to org.slf4j.impl.Log4jLoggerAdapter(org.mortbay.log) via org.mortbay.log.Slf4jLog
[19:15:33.309|INFO ] mortbay.log                             : jetty-6.1.x
[19:15:33.346|INFO ] mortbay.log                             : Extract d:\Utvecklingsprojekt\insulae\insulae-web-1.0.0-SNAPSHOT.war to C:\Users\Daniel\AppData\Local\Temp\Jetty_0_0_0_0_80_insulae.web.1.0.0.SNAPSHOT.war____m0ez1e\webapp
[19:15:33.613|INFO ] mortbay.log                             : NO JSP Support for /, did not find org.apache.jasper.servlet.JspServlet
[19:15:33.683|INFO ] mortbay.log                             : Started SocketConnector@0.0.0.0:80
[19:15:33.813|INFO ] jetty.JettyContainer                    : Jetty server is online.
[19:15:56.900|ERROR] cli.Cli                                 : Failed to execute command.
java.lang.reflect.InvocationTargetException
	at sun.reflect.NativeMethodAccessorImpl.invoke0(Native Method)
	at sun.reflect.NativeMethodAccessorImpl.invoke(Unknown Source)
	at sun.reflect.DelegatingMethodAccessorImpl.invoke(Unknown Source)
	at java.lang.reflect.Method.invoke(Unknown Source)
	at com.warspite.common.cli.Cli.invokeMethod(Cli.java:104)
	at com.warspite.common.cli.Cli.parseCommand(Cli.java:100)
	at com.warspite.common.cli.Cli.read(Cli.java:63)
	at com.warspite.common.cli.Cli.start(Cli.java:56)
	at com.warspite.insulae.EntryPoint.main(EntryPoint.java:25)
Caused by: java.lang.NullPointerException
	at com.warspite.common.cli.ScriptExecutor.listScripts(ScriptExecutor.java:14)
	at com.warspite.common.cli.DefaultListener.listScripts(DefaultListener.java:63)
	... 9 more
[19:16:19.963|INFO ] jetty.JettyContainer                    : Waiting for server shutdown...
[19:16:20.205|INFO ] mortbay.log                             : Stopped SocketConnector@0.0.0.0:80
[19:16:20.213|INFO ] jetty.JettyContainer                    : Waiting for server shutdown...
[19:16:20.463|INFO ] jetty.JettyContainer                    : Server is offline, exiting.
[19:16:37.539|INFO ] insulae.EntryPoint                      : Starting application
[19:16:38.217|INFO ] insulae.WarExtractor                    : Extracted insulae-web-1.0.0-SNAPSHOT.war from CodeSource.
[19:16:38.252|INFO ] mortbay.log                             : Logging to org.slf4j.impl.Log4jLoggerAdapter(org.mortbay.log) via org.mortbay.log.Slf4jLog
[19:16:38.252|INFO ] mortbay.log                             : jetty-6.1.x
[19:16:38.290|INFO ] mortbay.log                             : Extract d:\Utvecklingsprojekt\insulae\insulae-web-1.0.0-SNAPSHOT.war to C:\Users\Daniel\AppData\Local\Temp\Jetty_0_0_0_0_80_insulae.web.1.0.0.SNAPSHOT.war____m0ez1e\webapp
[19:16:38.563|INFO ] mortbay.log                             : NO JSP Support for /, did not find org.apache.jasper.servlet.JspServlet
[19:16:38.619|INFO ] mortbay.log                             : Started SocketConnector@0.0.0.0:80
[19:16:38.752|INFO ] jetty.JettyContainer                    : Jetty server is online.
[19:16:45.603|INFO ] jetty.JettyContainer                    : Waiting for server shutdown...
[19:16:45.620|INFO ] mortbay.log                             : Stopped SocketConnector@0.0.0.0:80
[19:16:45.853|INFO ] jetty.JettyContainer                    : Server is offline, exiting.
[19:16:55.938|INFO ] insulae.EntryPoint                      : Starting application
[19:16:56.616|INFO ] insulae.WarExtractor                    : Extracted insulae-web-1.0.0-SNAPSHOT.war from CodeSource.
[19:16:56.651|INFO ] mortbay.log                             : Logging to org.slf4j.impl.Log4jLoggerAdapter(org.mortbay.log) via org.mortbay.log.Slf4jLog
[19:16:56.652|INFO ] mortbay.log                             : jetty-6.1.x
[19:16:56.689|INFO ] mortbay.log                             : Extract d:\Utvecklingsprojekt\insulae\insulae-web-1.0.0-SNAPSHOT.war to C:\Users\Daniel\AppData\Local\Temp\Jetty_0_0_0_0_80_insulae.web.1.0.0.SNAPSHOT.war____m0ez1e\webapp
[19:16:56.958|INFO ] mortbay.log                             : NO JSP Support for /, did not find org.apache.jasper.servlet.JspServlet
[19:16:57.013|INFO ] mortbay.log                             : Started SocketConnector@0.0.0.0:80
[19:16:57.152|INFO ] jetty.JettyContainer                    : Jetty server is online.
[19:17:03.579|INFO ] jetty.JettyContainer                    : Waiting for server shutdown...
[19:17:03.763|INFO ] mortbay.log                             : Stopped SocketConnector@0.0.0.0:80
[19:17:03.829|INFO ] jetty.JettyContainer                    : Waiting for server shutdown...
[19:17:04.079|INFO ] jetty.JettyContainer                    : Server is offline, exiting.
[19:29:52.272|INFO ] insulae.EntryPoint                      : Starting application
[19:29:52.976|INFO ] insulae.WarExtractor                    : Extracted insulae-web-1.0.0-SNAPSHOT.war from CodeSource.
[19:29:53.011|INFO ] mortbay.log                             : Logging to org.slf4j.impl.Log4jLoggerAdapter(org.mortbay.log) via org.mortbay.log.Slf4jLog
[19:29:53.011|INFO ] mortbay.log                             : jetty-6.1.x
[19:29:53.049|INFO ] mortbay.log                             : Extract d:\Utvecklingsprojekt\insulae\insulae-web-1.0.0-SNAPSHOT.war to C:\Users\Daniel\AppData\Local\Temp\Jetty_0_0_0_0_80_insulae.web.1.0.0.SNAPSHOT.war____m0ez1e\webapp
[19:29:53.321|INFO ] mortbay.log                             : NO JSP Support for /, did not find org.apache.jasper.servlet.JspServlet
[19:29:53.441|INFO ] mortbay.log                             : Started SocketConnector@0.0.0.0:80
[19:29:53.511|INFO ] jetty.JettyContainer                    : Jetty server is online.
[19:29:58.372|INFO ] jetty.JettyContainer                    : Waiting for server shutdown...
[19:29:58.444|INFO ] mortbay.log                             : Stopped SocketConnector@0.0.0.0:80
[19:29:58.622|INFO ] jetty.JettyContainer                    : Server is offline, exiting.
[19:32:16.354|INFO ] insulae.EntryPoint                      : Starting application
[19:32:17.034|INFO ] insulae.WarExtractor                    : Extracted insulae-web-1.0.0-SNAPSHOT.war from CodeSource.
[19:32:17.069|INFO ] mortbay.log                             : Logging to org.slf4j.impl.Log4jLoggerAdapter(org.mortbay.log) via org.mortbay.log.Slf4jLog
[19:32:17.070|INFO ] mortbay.log                             : jetty-6.1.x
[19:32:17.107|INFO ] mortbay.log                             : Extract d:\Utvecklingsprojekt\insulae\insulae-web-1.0.0-SNAPSHOT.war to C:\Users\Daniel\AppData\Local\Temp\Jetty_0_0_0_0_80_insulae.web.1.0.0.SNAPSHOT.war____m0ez1e\webapp
[19:32:17.376|INFO ] mortbay.log                             : NO JSP Support for /, did not find org.apache.jasper.servlet.JspServlet
[19:32:17.431|INFO ] mortbay.log                             : Started SocketConnector@0.0.0.0:80
[19:32:17.569|INFO ] jetty.JettyContainer                    : Jetty server is online.
[19:32:30.083|INFO ] jetty.JettyContainer                    : Waiting for server shutdown...
[19:32:30.186|INFO ] mortbay.log                             : Stopped SocketConnector@0.0.0.0:80
[19:32:30.333|INFO ] jetty.JettyContainer                    : Server is offline, exiting.
[19:35:03.531|INFO ] insulae.EntryPoint                      : Starting application
[19:35:04.208|INFO ] insulae.WarExtractor                    : Extracted insulae-web-1.0.0-SNAPSHOT.war from CodeSource.
[19:35:04.243|INFO ] mortbay.log                             : Logging to org.slf4j.impl.Log4jLoggerAdapter(org.mortbay.log) via org.mortbay.log.Slf4jLog
[19:35:04.243|INFO ] mortbay.log                             : jetty-6.1.x
[19:35:04.281|INFO ] mortbay.log                             : Extract d:\Utvecklingsprojekt\insulae\insulae-web-1.0.0-SNAPSHOT.war to C:\Users\Daniel\AppData\Local\Temp\Jetty_0_0_0_0_80_insulae.web.1.0.0.SNAPSHOT.war____m0ez1e\webapp
[19:35:04.551|INFO ] mortbay.log                             : NO JSP Support for /, did not find org.apache.jasper.servlet.JspServlet
[19:35:04.607|INFO ] mortbay.log                             : Started SocketConnector@0.0.0.0:80
[19:35:04.743|INFO ] jetty.JettyContainer                    : Jetty server is online.
[19:35:16.474|INFO ] jetty.JettyContainer                    : Waiting for server shutdown...
[19:35:16.613|INFO ] mortbay.log                             : Stopped SocketConnector@0.0.0.0:80
[19:35:16.725|INFO ] jetty.JettyContainer                    : Server is offline, exiting.
[20:02:59.982|INFO ] insulae.EntryPoint                      : Starting application
[20:03:00.688|INFO ] insulae.WarExtractor                    : Extracted insulae-web-1.0.0-SNAPSHOT.war from CodeSource.
[20:03:00.724|INFO ] mortbay.log                             : Logging to org.slf4j.impl.Log4jLoggerAdapter(org.mortbay.log) via org.mortbay.log.Slf4jLog
[20:03:00.724|INFO ] mortbay.log                             : jetty-6.1.x
[20:03:00.814|WARN ] mortbay.log                             : Can't reuse C:\Users\Daniel\AppData\Local\Temp\Jetty_0_0_0_0_80_insulae.web.1.0.0.SNAPSHOT.war____m0ez1e, using C:\Users\Daniel\AppData\Local\Temp\Jetty_0_0_0_0_80_insulae.web.1.0.0.SNAPSHOT.war____m0ez1e_5163255329361811696
[20:03:00.814|INFO ] mortbay.log                             : Extract d:\Utvecklingsprojekt\insulae\insulae-web-1.0.0-SNAPSHOT.war to C:\Users\Daniel\AppData\Local\Temp\Jetty_0_0_0_0_80_insulae.web.1.0.0.SNAPSHOT.war____m0ez1e_5163255329361811696\webapp
[20:03:01.122|INFO ] mortbay.log                             : NO JSP Support for /, did not find org.apache.jasper.servlet.JspServlet
[20:03:01.174|WARN ] mortbay.log                             : failed SocketConnector@0.0.0.0:80: java.net.BindException: Address already in use: JVM_Bind
[20:03:01.174|WARN ] mortbay.log                             : failed Server@74c3aa: java.net.BindException: Address already in use: JVM_Bind
[20:03:01.175|ERROR] jetty.JettyRunner                       : Failure while running Jetty server.
java.net.BindException: Address already in use: JVM_Bind
	at java.net.PlainSocketImpl.socketBind(Native Method)
	at java.net.PlainSocketImpl.bind(Unknown Source)
	at java.net.ServerSocket.bind(Unknown Source)
	at java.net.ServerSocket.<init>(Unknown Source)
	at java.net.ServerSocket.<init>(Unknown Source)
	at org.mortbay.jetty.bio.SocketConnector.newServerSocket(SocketConnector.java:80)
	at org.mortbay.jetty.bio.SocketConnector.open(SocketConnector.java:73)
	at org.mortbay.jetty.AbstractConnector.doStart(AbstractConnector.java:283)
	at org.mortbay.jetty.bio.SocketConnector.doStart(SocketConnector.java:147)
	at org.mortbay.component.AbstractLifeCycle.start(AbstractLifeCycle.java:50)
	at org.mortbay.jetty.Server.doStart(Server.java:235)
	at org.mortbay.component.AbstractLifeCycle.start(AbstractLifeCycle.java:50)
	at com.warspite.insulae.jetty.JettyRunner.startServer(JettyRunner.java:94)
	at com.warspite.insulae.jetty.JettyRunner.run(JettyRunner.java:44)
[20:03:01.177|INFO ] mortbay.log                             : Stopped SocketConnector@0.0.0.0:80
[20:12:47.614|INFO ] insulae.EntryPoint                      : Starting application
[20:12:48.346|INFO ] insulae.WarExtractor                    : Extracted insulae-web-1.0.0-SNAPSHOT.war from CodeSource.
[20:12:48.382|INFO ] mortbay.log                             : Logging to org.slf4j.impl.Log4jLoggerAdapter(org.mortbay.log) via org.mortbay.log.Slf4jLog
[20:12:48.382|INFO ] mortbay.log                             : jetty-6.1.x
[20:12:49.369|WARN ] mortbay.log                             : Can't reuse C:\Users\Daniel\AppData\Local\Temp\Jetty_0_0_0_0_80_insulae.web.1.0.0.SNAPSHOT.war____m0ez1e, using C:\Users\Daniel\AppData\Local\Temp\Jetty_0_0_0_0_80_insulae.web.1.0.0.SNAPSHOT.war____m0ez1e_8948671221384751929
[20:12:49.369|INFO ] mortbay.log                             : Extract d:\Utvecklingsprojekt\insulae\insulae-web-1.0.0-SNAPSHOT.war to C:\Users\Daniel\AppData\Local\Temp\Jetty_0_0_0_0_80_insulae.web.1.0.0.SNAPSHOT.war____m0ez1e_8948671221384751929\webapp
[20:12:49.754|INFO ] mortbay.log                             : NO JSP Support for /, did not find org.apache.jasper.servlet.JspServlet
[20:12:49.902|WARN ] mortbay.log                             : failed SocketConnector@0.0.0.0:80: java.net.BindException: Address already in use: JVM_Bind
[20:12:49.902|WARN ] mortbay.log                             : failed Server@74c3aa: java.net.BindException: Address already in use: JVM_Bind
[20:12:49.902|ERROR] jetty.JettyRunner                       : Failure while running Jetty server.
java.net.BindException: Address already in use: JVM_Bind
	at java.net.PlainSocketImpl.socketBind(Native Method)
	at java.net.PlainSocketImpl.bind(Unknown Source)
	at java.net.ServerSocket.bind(Unknown Source)
	at java.net.ServerSocket.<init>(Unknown Source)
	at java.net.ServerSocket.<init>(Unknown Source)
	at org.mortbay.jetty.bio.SocketConnector.newServerSocket(SocketConnector.java:80)
	at org.mortbay.jetty.bio.SocketConnector.open(SocketConnector.java:73)
	at org.mortbay.jetty.AbstractConnector.doStart(AbstractConnector.java:283)
	at org.mortbay.jetty.bio.SocketConnector.doStart(SocketConnector.java:147)
	at org.mortbay.component.AbstractLifeCycle.start(AbstractLifeCycle.java:50)
	at org.mortbay.jetty.Server.doStart(Server.java:235)
	at org.mortbay.component.AbstractLifeCycle.start(AbstractLifeCycle.java:50)
	at com.warspite.insulae.jetty.JettyRunner.startServer(JettyRunner.java:94)
	at com.warspite.insulae.jetty.JettyRunner.run(JettyRunner.java:44)
[20:12:49.934|INFO ] mortbay.log                             : Stopped SocketConnector@0.0.0.0:80
[20:15:22.253|INFO ] insulae.EntryPoint                      : Extracting resources.
[20:15:22.254|ERROR] insulae.EntryPoint                      : Caught exception.
java.io.FileNotFoundException: cli (Access is denied)
	at java.io.FileOutputStream.open(Native Method)
	at java.io.FileOutputStream.<init>(Unknown Source)
	at java.io.FileOutputStream.<init>(Unknown Source)
	at com.warspite.insulae.ResourceExtractor.extract(ResourceExtractor.java:50)
	at com.warspite.insulae.ResourceExtractor.extract(ResourceExtractor.java:23)
	at com.warspite.insulae.EntryPoint.main(EntryPoint.java:19)
[20:20:22.863|INFO ] insulae.EntryPoint                      : Extracting resources.
[20:20:22.865|ERROR] insulae.ResourceExtractor               : Resource extraction failed.
java.io.FileNotFoundException: cli (Access is denied)
	at java.io.FileOutputStream.open(Native Method)
	at java.io.FileOutputStream.<init>(Unknown Source)
	at java.io.FileOutputStream.<init>(Unknown Source)
	at com.warspite.insulae.ResourceExtractor.extract(ResourceExtractor.java:52)
	at com.warspite.insulae.ResourceExtractor.extract(ResourceExtractor.java:23)
	at com.warspite.insulae.EntryPoint.main(EntryPoint.java:19)
[20:20:22.867|INFO ] insulae.EntryPoint                      : Creating Jetty container.
[20:20:22.867|INFO ] insulae.EntryPoint                      : Registering CLI listeners.
[20:20:22.868|INFO ] insulae.EntryPoint                      : Starting CLI.
[20:25:10.038|INFO ] insulae.EntryPoint                      : Extracting resources.
[20:25:10.648|INFO ] insulae.EntryPoint                      : Creating Jetty container.
[20:25:10.648|INFO ] insulae.EntryPoint                      : Registering CLI listeners.
[20:25:10.648|INFO ] insulae.EntryPoint                      : Starting CLI.
[20:32:51.379|INFO ] insulae.EntryPoint                      : Extracting resources.
[20:32:51.990|INFO ] insulae.EntryPoint                      : Creating Jetty container.
[20:32:51.991|INFO ] insulae.EntryPoint                      : Registering CLI listeners.
[20:32:51.991|INFO ] insulae.EntryPoint                      : Starting CLI.
[20:32:51.992|ERROR] cli.ScriptExecutor                      : Failed to execute command "print ExecutingInsulaeBootScript" from script "cli/boot.cli".
com.warspite.common.cli.exceptions.CliException: Unrecognized listener 'print'. Type 'cli help' for help.
	at com.warspite.common.cli.Cli.parseCommand(Cli.java:104)
	at com.warspite.common.cli.ScriptExecutor.executeScript(ScriptExecutor.java:55)
	at com.warspite.common.cli.Cli.start(Cli.java:58)
	at com.warspite.insulae.EntryPoint.main(EntryPoint.java:28)
[20:32:51.995|ERROR] cli.ScriptExecutor                      : Failed to execute command "print StartingJetty" from script "cli/boot.cli".
com.warspite.common.cli.exceptions.CliException: Unrecognized listener 'print'. Type 'cli help' for help.
	at com.warspite.common.cli.Cli.parseCommand(Cli.java:104)
	at com.warspite.common.cli.ScriptExecutor.executeScript(ScriptExecutor.java:55)
	at com.warspite.common.cli.Cli.start(Cli.java:58)
	at com.warspite.insulae.EntryPoint.main(EntryPoint.java:28)
[20:32:52.711|INFO ] mortbay.log                             : Logging to org.slf4j.impl.Log4jLoggerAdapter(org.mortbay.log) via org.mortbay.log.Slf4jLog
[20:32:52.711|INFO ] mortbay.log                             : jetty-6.1.x
[20:32:52.748|INFO ] mortbay.log                             : Extract d:\Utvecklingsprojekt\insulae\insulae-web-1.0.0-SNAPSHOT.war to C:\Users\Daniel\AppData\Local\Temp\Jetty_0_0_0_0_8080_insulae.web.1.0.0.SNAPSHOT.war____.9c7uqu\webapp
[20:32:53.078|INFO ] mortbay.log                             : NO JSP Support for /, did not find org.apache.jasper.servlet.JspServlet
[20:32:53.134|INFO ] mortbay.log                             : Started SocketConnector@0.0.0.0:8080
[20:32:53.211|INFO ] jetty.JettyContainer                    : Jetty server is online.
[20:32:53.211|ERROR] cli.ScriptExecutor                      : Failed to execute command "print DoneExecutingInsulaeBootScript" from script "cli/boot.cli".
com.warspite.common.cli.exceptions.CliException: Unrecognized listener 'print'. Type 'cli help' for help.
	at com.warspite.common.cli.Cli.parseCommand(Cli.java:104)
	at com.warspite.common.cli.ScriptExecutor.executeScript(ScriptExecutor.java:55)
	at com.warspite.common.cli.Cli.start(Cli.java:58)
	at com.warspite.insulae.EntryPoint.main(EntryPoint.java:28)
[20:33:27.803|INFO ] jetty.JettyContainer                    : Waiting for server shutdown...
[20:33:27.886|INFO ] mortbay.log                             : Stopped SocketConnector@0.0.0.0:8080
[20:33:28.053|INFO ] jetty.JettyContainer                    : Server is offline, exiting.
[20:34:29.077|INFO ] insulae.EntryPoint                      : Extracting resources.
[20:34:29.686|INFO ] insulae.EntryPoint                      : Creating Jetty container.
[20:34:29.687|INFO ] insulae.EntryPoint                      : Registering CLI listeners.
[20:34:29.687|INFO ] insulae.EntryPoint                      : Starting CLI.
[20:34:30.395|INFO ] mortbay.log                             : Logging to org.slf4j.impl.Log4jLoggerAdapter(org.mortbay.log) via org.mortbay.log.Slf4jLog
[20:34:30.396|INFO ] mortbay.log                             : jetty-6.1.x
[20:34:30.433|INFO ] mortbay.log                             : Extract d:\Utvecklingsprojekt\insulae\insulae-web-1.0.0-SNAPSHOT.war to C:\Users\Daniel\AppData\Local\Temp\Jetty_0_0_0_0_8080_insulae.web.1.0.0.SNAPSHOT.war____.9c7uqu\webapp
[20:34:30.708|INFO ] mortbay.log                             : NO JSP Support for /, did not find org.apache.jasper.servlet.JspServlet
[20:34:30.762|INFO ] mortbay.log                             : Started SocketConnector@0.0.0.0:8080
[20:34:30.896|INFO ] jetty.JettyContainer                    : Jetty server is online.
[20:35:07.539|INFO ] jetty.JettyContainer                    : Waiting for server shutdown...
[20:35:07.773|INFO ] mortbay.log                             : Stopped SocketConnector@0.0.0.0:8080
[20:35:07.789|INFO ] jetty.JettyContainer                    : Waiting for server shutdown...
[20:35:08.039|INFO ] jetty.JettyContainer                    : Server is offline, exiting.
