[19:15:32.594|INFO ] insulae.EntryPoint                      : Starting application
[19:15:32.596|DEBUG] jetty.JettyRunner                       : Extracting war file.
[19:15:33.274|INFO ] insulae.WarExtractor                    : Extracted insulae-web-1.0.0-SNAPSHOT.war from CodeSource.
[19:15:33.274|DEBUG] jetty.JettyRunner                       : Extracted insulae-web-1.0.0-SNAPSHOT.war
[19:15:33.274|DEBUG] jetty.JettyRunner                       : Creating Jetty server at port 80, using WAR insulae-web-1.0.0-SNAPSHOT.war
[19:15:33.309|DEBUG] jetty.JettyRunner                       : Jetty server created.
[19:15:33.309|DEBUG] jetty.JettyContainer                    : Waiting for Jetty server to come online...
[19:15:33.309|DEBUG] jetty.JettyRunner                       : Starting Jetty server.
[19:15:33.563|DEBUG] jetty.JettyContainer                    : Waiting for Jetty server to come online...
[19:15:33.683|DEBUG] jetty.JettyRunner                       : Jetty server started.
[19:15:33.813|INFO ] jetty.JettyContainer                    : Jetty server is online.
[19:15:53.410|DEBUG] cli.Cli                                 : Received command 'cli help'.
[19:15:56.899|DEBUG] cli.Cli                                 : Received command 'cli listScripts'.
[19:15:56.900|ERROR] cli.Cli                                 : Failed to execute command.
java.lang.reflect.InvocationTargetException
	at sun.reflect.NativeMethodAccessorImpl.invoke0(Native Method)
	at sun.reflect.NativeMethodAccessorImpl.invoke(Unknown Source)
	at sun.reflect.DelegatingMethodAccessorImpl.invoke(Unknown Source)
	at java.lang.reflect.Method.invoke(Unknown Source)
	at com.warspite.common.cli.Cli.invokeMethod(Cli.java:104)
	at com.warspite.common.cli.Cli.parseCommand(Cli.java:100)
	at com.warspite.common.cli.Cli.read(Cli.java:63)
	at com.warspite.common.cli.Cli.start(Cli.java:56)
	at com.warspite.insulae.EntryPoint.main(EntryPoint.java:25)
Caused by: java.lang.NullPointerException
	at com.warspite.common.cli.ScriptExecutor.listScripts(ScriptExecutor.java:14)
	at com.warspite.common.cli.DefaultListener.listScripts(DefaultListener.java:63)
	... 9 more
[19:16:17.803|DEBUG] cli.Cli                                 : Received command 'exit'.
[19:16:19.962|DEBUG] cli.Cli                                 : Received command 'cli exit'.
[19:16:19.963|INFO ] jetty.JettyContainer                    : Waiting for server shutdown...
[19:16:20.205|DEBUG] jetty.JettyRunner                       : Stopping Jetty server.
[19:16:20.213|INFO ] jetty.JettyContainer                    : Waiting for server shutdown...
[19:16:20.312|DEBUG] jetty.JettyRunner                       : Jetty server stopped.
[19:16:20.312|DEBUG] jetty.JettyRunner                       : Cleaning up.
[19:16:20.463|INFO ] jetty.JettyContainer                    : Server is offline, exiting.
[19:16:37.539|INFO ] insulae.EntryPoint                      : Starting application
[19:16:37.541|DEBUG] jetty.JettyRunner                       : Extracting war file.
[19:16:38.217|INFO ] insulae.WarExtractor                    : Extracted insulae-web-1.0.0-SNAPSHOT.war from CodeSource.
[19:16:38.217|DEBUG] jetty.JettyRunner                       : Extracted insulae-web-1.0.0-SNAPSHOT.war
[19:16:38.217|DEBUG] jetty.JettyRunner                       : Creating Jetty server at port 80, using WAR insulae-web-1.0.0-SNAPSHOT.war
[19:16:38.252|DEBUG] jetty.JettyRunner                       : Jetty server created.
[19:16:38.252|DEBUG] jetty.JettyContainer                    : Waiting for Jetty server to come online...
[19:16:38.252|DEBUG] jetty.JettyRunner                       : Starting Jetty server.
[19:16:38.502|DEBUG] jetty.JettyContainer                    : Waiting for Jetty server to come online...
[19:16:38.619|DEBUG] jetty.JettyRunner                       : Jetty server started.
[19:16:38.752|INFO ] jetty.JettyContainer                    : Jetty server is online.
[19:16:41.186|DEBUG] cli.Cli                                 : Received command 'cli listScripts'.
[19:16:45.602|DEBUG] cli.Cli                                 : Received command 'cli exit'.
[19:16:45.603|INFO ] jetty.JettyContainer                    : Waiting for server shutdown...
[19:16:45.620|DEBUG] jetty.JettyRunner                       : Stopping Jetty server.
[19:16:45.727|DEBUG] jetty.JettyRunner                       : Jetty server stopped.
[19:16:45.727|DEBUG] jetty.JettyRunner                       : Cleaning up.
[19:16:45.853|INFO ] jetty.JettyContainer                    : Server is offline, exiting.
[19:16:55.938|INFO ] insulae.EntryPoint                      : Starting application
[19:16:55.940|DEBUG] jetty.JettyRunner                       : Extracting war file.
[19:16:56.616|INFO ] insulae.WarExtractor                    : Extracted insulae-web-1.0.0-SNAPSHOT.war from CodeSource.
[19:16:56.617|DEBUG] jetty.JettyRunner                       : Extracted insulae-web-1.0.0-SNAPSHOT.war
[19:16:56.617|DEBUG] jetty.JettyRunner                       : Creating Jetty server at port 80, using WAR insulae-web-1.0.0-SNAPSHOT.war
[19:16:56.651|DEBUG] jetty.JettyRunner                       : Jetty server created.
[19:16:56.652|DEBUG] jetty.JettyContainer                    : Waiting for Jetty server to come online...
[19:16:56.652|DEBUG] jetty.JettyRunner                       : Starting Jetty server.
[19:16:56.902|DEBUG] jetty.JettyContainer                    : Waiting for Jetty server to come online...
[19:16:57.013|DEBUG] jetty.JettyRunner                       : Jetty server started.
[19:16:57.152|INFO ] jetty.JettyContainer                    : Jetty server is online.
[19:17:00.402|DEBUG] cli.Cli                                 : Received command 'cli listScripts'.
[19:17:03.578|DEBUG] cli.Cli                                 : Received command 'cli exit'.
[19:17:03.579|INFO ] jetty.JettyContainer                    : Waiting for server shutdown...
[19:17:03.763|DEBUG] jetty.JettyRunner                       : Stopping Jetty server.
[19:17:03.829|INFO ] jetty.JettyContainer                    : Waiting for server shutdown...
[19:17:03.870|DEBUG] jetty.JettyRunner                       : Jetty server stopped.
[19:17:03.870|DEBUG] jetty.JettyRunner                       : Cleaning up.
[19:17:04.079|INFO ] jetty.JettyContainer                    : Server is offline, exiting.
[19:29:52.272|INFO ] insulae.EntryPoint                      : Starting application
[19:29:52.289|DEBUG] jetty.JettyRunner                       : Extracting war file.
[19:29:52.976|INFO ] insulae.WarExtractor                    : Extracted insulae-web-1.0.0-SNAPSHOT.war from CodeSource.
[19:29:52.976|DEBUG] jetty.JettyRunner                       : Extracted insulae-web-1.0.0-SNAPSHOT.war
[19:29:52.976|DEBUG] jetty.JettyRunner                       : Creating Jetty server at port 80, using WAR insulae-web-1.0.0-SNAPSHOT.war
[19:29:53.011|DEBUG] jetty.JettyRunner                       : Jetty server created.
[19:29:53.011|DEBUG] jetty.JettyContainer                    : Waiting for Jetty server to come online...
[19:29:53.011|DEBUG] jetty.JettyRunner                       : Starting Jetty server.
[19:29:53.261|DEBUG] jetty.JettyContainer                    : Waiting for Jetty server to come online...
[19:29:53.441|DEBUG] jetty.JettyRunner                       : Jetty server started.
[19:29:53.511|INFO ] jetty.JettyContainer                    : Jetty server is online.
[19:29:58.354|DEBUG] cli.Cli                                 : Received command 'cli exit'.
[19:29:58.372|INFO ] jetty.JettyContainer                    : Waiting for server shutdown...
[19:29:58.444|DEBUG] jetty.JettyRunner                       : Stopping Jetty server.
[19:29:58.551|DEBUG] jetty.JettyRunner                       : Jetty server stopped.
[19:29:58.551|DEBUG] jetty.JettyRunner                       : Cleaning up.
[19:29:58.622|INFO ] jetty.JettyContainer                    : Server is offline, exiting.
[19:32:16.354|INFO ] insulae.EntryPoint                      : Starting application
[19:32:16.356|DEBUG] jetty.JettyRunner                       : Extracting war file.
[19:32:17.034|INFO ] insulae.WarExtractor                    : Extracted insulae-web-1.0.0-SNAPSHOT.war from CodeSource.
[19:32:17.034|DEBUG] jetty.JettyRunner                       : Extracted insulae-web-1.0.0-SNAPSHOT.war
[19:32:17.034|DEBUG] jetty.JettyRunner                       : Creating Jetty server at port 80, using WAR insulae-web-1.0.0-SNAPSHOT.war
[19:32:17.069|DEBUG] jetty.JettyRunner                       : Jetty server created.
[19:32:17.069|DEBUG] jetty.JettyContainer                    : Waiting for Jetty server to come online...
[19:32:17.069|DEBUG] jetty.JettyRunner                       : Starting Jetty server.
[19:32:17.319|DEBUG] jetty.JettyContainer                    : Waiting for Jetty server to come online...
[19:32:17.431|DEBUG] jetty.JettyRunner                       : Jetty server started.
[19:32:17.569|INFO ] jetty.JettyContainer                    : Jetty server is online.
[19:32:23.507|DEBUG] cli.Cli                                 : Received command 'cli help'.
[19:32:26.641|DEBUG] cli.Cli                                 : Received command 'cli list'.
[19:32:30.082|DEBUG] cli.Cli                                 : Received command 'cli exit'.
[19:32:30.083|INFO ] jetty.JettyContainer                    : Waiting for server shutdown...
[19:32:30.186|DEBUG] jetty.JettyRunner                       : Stopping Jetty server.
[19:32:30.293|DEBUG] jetty.JettyRunner                       : Jetty server stopped.
[19:32:30.293|DEBUG] jetty.JettyRunner                       : Cleaning up.
[19:32:30.333|INFO ] jetty.JettyContainer                    : Server is offline, exiting.
[19:35:03.531|INFO ] insulae.EntryPoint                      : Starting application
[19:35:03.533|DEBUG] jetty.JettyRunner                       : Extracting war file.
[19:35:04.208|INFO ] insulae.WarExtractor                    : Extracted insulae-web-1.0.0-SNAPSHOT.war from CodeSource.
[19:35:04.208|DEBUG] jetty.JettyRunner                       : Extracted insulae-web-1.0.0-SNAPSHOT.war
[19:35:04.208|DEBUG] jetty.JettyRunner                       : Creating Jetty server at port 80, using WAR insulae-web-1.0.0-SNAPSHOT.war
[19:35:04.243|DEBUG] jetty.JettyRunner                       : Jetty server created.
[19:35:04.243|DEBUG] jetty.JettyContainer                    : Waiting for Jetty server to come online...
[19:35:04.243|DEBUG] jetty.JettyRunner                       : Starting Jetty server.
[19:35:04.493|DEBUG] jetty.JettyContainer                    : Waiting for Jetty server to come online...
[19:35:04.607|DEBUG] jetty.JettyRunner                       : Jetty server started.
[19:35:04.743|INFO ] jetty.JettyContainer                    : Jetty server is online.
[19:35:06.530|DEBUG] cli.Cli                                 : Received command 'cli list'.
[19:35:10.154|DEBUG] cli.Cli                                 : Received command 'cli exec hej'.
[19:35:13.834|DEBUG] cli.Cli                                 : Received command 'cli exec hopp'.
[19:35:16.474|DEBUG] cli.Cli                                 : Received command 'cli exit'.
[19:35:16.474|INFO ] jetty.JettyContainer                    : Waiting for server shutdown...
[19:35:16.613|DEBUG] jetty.JettyRunner                       : Stopping Jetty server.
[19:35:16.720|DEBUG] jetty.JettyRunner                       : Jetty server stopped.
[19:35:16.720|DEBUG] jetty.JettyRunner                       : Cleaning up.
[19:35:16.725|INFO ] jetty.JettyContainer                    : Server is offline, exiting.
[20:02:59.982|INFO ] insulae.EntryPoint                      : Starting application
[20:02:59.996|DEBUG] jetty.JettyRunner                       : Extracting war file.
[20:03:00.688|INFO ] insulae.WarExtractor                    : Extracted insulae-web-1.0.0-SNAPSHOT.war from CodeSource.
[20:03:00.688|DEBUG] jetty.JettyRunner                       : Extracted insulae-web-1.0.0-SNAPSHOT.war
[20:03:00.688|DEBUG] jetty.JettyRunner                       : Creating Jetty server at port 80, using WAR insulae-web-1.0.0-SNAPSHOT.war
[20:03:00.724|DEBUG] jetty.JettyRunner                       : Jetty server created.
[20:03:00.724|DEBUG] jetty.JettyContainer                    : Waiting for Jetty server to come online...
[20:03:00.724|DEBUG] jetty.JettyRunner                       : Starting Jetty server.
[20:03:00.974|DEBUG] jetty.JettyContainer                    : Waiting for Jetty server to come online...
[20:03:01.175|ERROR] jetty.JettyRunner                       : Failure while running Jetty server.
java.net.BindException: Address already in use: JVM_Bind
	at java.net.PlainSocketImpl.socketBind(Native Method)
	at java.net.PlainSocketImpl.bind(Unknown Source)
	at java.net.ServerSocket.bind(Unknown Source)
	at java.net.ServerSocket.<init>(Unknown Source)
	at java.net.ServerSocket.<init>(Unknown Source)
	at org.mortbay.jetty.bio.SocketConnector.newServerSocket(SocketConnector.java:80)
	at org.mortbay.jetty.bio.SocketConnector.open(SocketConnector.java:73)
	at org.mortbay.jetty.AbstractConnector.doStart(AbstractConnector.java:283)
	at org.mortbay.jetty.bio.SocketConnector.doStart(SocketConnector.java:147)
	at org.mortbay.component.AbstractLifeCycle.start(AbstractLifeCycle.java:50)
	at org.mortbay.jetty.Server.doStart(Server.java:235)
	at org.mortbay.component.AbstractLifeCycle.start(AbstractLifeCycle.java:50)
	at com.warspite.insulae.jetty.JettyRunner.startServer(JettyRunner.java:94)
	at com.warspite.insulae.jetty.JettyRunner.run(JettyRunner.java:44)
[20:03:01.177|DEBUG] jetty.JettyRunner                       : Stopping Jetty server.
[20:03:01.224|DEBUG] jetty.JettyContainer                    : Waiting for Jetty server to come online...
[20:03:01.281|DEBUG] jetty.JettyRunner                       : Jetty server stopped.
[20:03:01.281|DEBUG] jetty.JettyRunner                       : Cleaning up.
[20:03:01.474|DEBUG] jetty.JettyContainer                    : Waiting for Jetty server to come online...
[20:03:01.724|DEBUG] jetty.JettyContainer                    : Waiting for Jetty server to come online...
[20:03:01.974|DEBUG] jetty.JettyContainer                    : Waiting for Jetty server to come online...
[20:03:02.224|DEBUG] jetty.JettyContainer                    : Waiting for Jetty server to come online...
[20:03:02.474|DEBUG] jetty.JettyContainer                    : Waiting for Jetty server to come online...
[20:03:02.724|DEBUG] jetty.JettyContainer                    : Waiting for Jetty server to come online...
[20:03:02.974|DEBUG] jetty.JettyContainer                    : Waiting for Jetty server to come online...
[20:03:03.224|DEBUG] jetty.JettyContainer                    : Waiting for Jetty server to come online...
[20:03:03.474|DEBUG] jetty.JettyContainer                    : Waiting for Jetty server to come online...
[20:03:03.724|DEBUG] jetty.JettyContainer                    : Waiting for Jetty server to come online...
[20:03:03.974|DEBUG] jetty.JettyContainer                    : Waiting for Jetty server to come online...
[20:03:04.224|DEBUG] jetty.JettyContainer                    : Waiting for Jetty server to come online...
[20:03:04.474|DEBUG] jetty.JettyContainer                    : Waiting for Jetty server to come online...
[20:03:04.726|DEBUG] jetty.JettyContainer                    : Waiting for Jetty server to come online...
[20:03:04.976|DEBUG] jetty.JettyContainer                    : Waiting for Jetty server to come online...
[20:03:05.226|DEBUG] jetty.JettyContainer                    : Waiting for Jetty server to come online...
[20:03:05.476|DEBUG] jetty.JettyContainer                    : Waiting for Jetty server to come online...
[20:03:05.726|DEBUG] jetty.JettyContainer                    : Waiting for Jetty server to come online...
[20:03:05.976|DEBUG] jetty.JettyContainer                    : Waiting for Jetty server to come online...
[20:03:06.226|DEBUG] jetty.JettyContainer                    : Waiting for Jetty server to come online...
[20:03:06.476|DEBUG] jetty.JettyContainer                    : Waiting for Jetty server to come online...
[20:03:06.726|DEBUG] jetty.JettyContainer                    : Waiting for Jetty server to come online...
[20:12:47.614|INFO ] insulae.EntryPoint                      : Starting application
[20:12:47.657|DEBUG] jetty.JettyRunner                       : Extracting war file.
[20:12:48.346|INFO ] insulae.WarExtractor                    : Extracted insulae-web-1.0.0-SNAPSHOT.war from CodeSource.
[20:12:48.346|DEBUG] jetty.JettyRunner                       : Extracted insulae-web-1.0.0-SNAPSHOT.war
[20:12:48.346|DEBUG] jetty.JettyRunner                       : Creating Jetty server at port 80, using WAR insulae-web-1.0.0-SNAPSHOT.war
[20:12:48.382|DEBUG] jetty.JettyRunner                       : Jetty server created.
[20:12:48.382|DEBUG] jetty.JettyContainer                    : Waiting for Jetty server to come online...
[20:12:48.382|DEBUG] jetty.JettyRunner                       : Starting Jetty server.
[20:12:48.753|DEBUG] jetty.JettyContainer                    : Waiting for Jetty server to come online...
[20:12:49.004|DEBUG] jetty.JettyContainer                    : Waiting for Jetty server to come online...
[20:12:49.254|DEBUG] jetty.JettyContainer                    : Waiting for Jetty server to come online...
[20:12:49.505|DEBUG] jetty.JettyContainer                    : Waiting for Jetty server to come online...
[20:12:49.755|DEBUG] jetty.JettyContainer                    : Waiting for Jetty server to come online...
[20:12:49.902|ERROR] jetty.JettyRunner                       : Failure while running Jetty server.
java.net.BindException: Address already in use: JVM_Bind
	at java.net.PlainSocketImpl.socketBind(Native Method)
	at java.net.PlainSocketImpl.bind(Unknown Source)
	at java.net.ServerSocket.bind(Unknown Source)
	at java.net.ServerSocket.<init>(Unknown Source)
	at java.net.ServerSocket.<init>(Unknown Source)
	at org.mortbay.jetty.bio.SocketConnector.newServerSocket(SocketConnector.java:80)
	at org.mortbay.jetty.bio.SocketConnector.open(SocketConnector.java:73)
	at org.mortbay.jetty.AbstractConnector.doStart(AbstractConnector.java:283)
	at org.mortbay.jetty.bio.SocketConnector.doStart(SocketConnector.java:147)
	at org.mortbay.component.AbstractLifeCycle.start(AbstractLifeCycle.java:50)
	at org.mortbay.jetty.Server.doStart(Server.java:235)
	at org.mortbay.component.AbstractLifeCycle.start(AbstractLifeCycle.java:50)
	at com.warspite.insulae.jetty.JettyRunner.startServer(JettyRunner.java:94)
	at com.warspite.insulae.jetty.JettyRunner.run(JettyRunner.java:44)
[20:12:49.934|DEBUG] jetty.JettyRunner                       : Stopping Jetty server.
[20:12:50.005|DEBUG] jetty.JettyContainer                    : Waiting for Jetty server to come online...
[20:12:50.039|DEBUG] jetty.JettyRunner                       : Jetty server stopped.
[20:12:50.039|DEBUG] jetty.JettyRunner                       : Cleaning up.
[20:12:50.255|DEBUG] jetty.JettyContainer                    : Waiting for Jetty server to come online...
[20:12:50.505|DEBUG] jetty.JettyContainer                    : Waiting for Jetty server to come online...
[20:12:50.755|DEBUG] jetty.JettyContainer                    : Waiting for Jetty server to come online...
[20:12:51.005|DEBUG] jetty.JettyContainer                    : Waiting for Jetty server to come online...
[20:12:51.255|DEBUG] jetty.JettyContainer                    : Waiting for Jetty server to come online...
[20:12:51.505|DEBUG] jetty.JettyContainer                    : Waiting for Jetty server to come online...
[20:12:51.755|DEBUG] jetty.JettyContainer                    : Waiting for Jetty server to come online...
[20:12:52.005|DEBUG] jetty.JettyContainer                    : Waiting for Jetty server to come online...
[20:12:52.255|DEBUG] jetty.JettyContainer                    : Waiting for Jetty server to come online...
[20:12:52.505|DEBUG] jetty.JettyContainer                    : Waiting for Jetty server to come online...
[20:12:52.755|DEBUG] jetty.JettyContainer                    : Waiting for Jetty server to come online...
[20:12:53.005|DEBUG] jetty.JettyContainer                    : Waiting for Jetty server to come online...
[20:12:53.255|DEBUG] jetty.JettyContainer                    : Waiting for Jetty server to come online...
[20:12:53.505|DEBUG] jetty.JettyContainer                    : Waiting for Jetty server to come online...
[20:12:53.755|DEBUG] jetty.JettyContainer                    : Waiting for Jetty server to come online...
[20:12:54.005|DEBUG] jetty.JettyContainer                    : Waiting for Jetty server to come online...
[20:12:54.255|DEBUG] jetty.JettyContainer                    : Waiting for Jetty server to come online...
[20:12:54.505|DEBUG] jetty.JettyContainer                    : Waiting for Jetty server to come online...
[20:12:54.755|DEBUG] jetty.JettyContainer                    : Waiting for Jetty server to come online...
[20:12:55.005|DEBUG] jetty.JettyContainer                    : Waiting for Jetty server to come online...
[20:12:55.255|DEBUG] jetty.JettyContainer                    : Waiting for Jetty server to come online...
[20:12:55.505|DEBUG] jetty.JettyContainer                    : Waiting for Jetty server to come online...
[20:12:55.755|DEBUG] jetty.JettyContainer                    : Waiting for Jetty server to come online...
[20:12:56.005|DEBUG] jetty.JettyContainer                    : Waiting for Jetty server to come online...
[20:12:56.255|DEBUG] jetty.JettyContainer                    : Waiting for Jetty server to come online...
[20:12:56.505|DEBUG] jetty.JettyContainer                    : Waiting for Jetty server to come online...
[20:12:56.755|DEBUG] jetty.JettyContainer                    : Waiting for Jetty server to come online...
[20:12:57.005|DEBUG] jetty.JettyContainer                    : Waiting for Jetty server to come online...
[20:12:57.255|DEBUG] jetty.JettyContainer                    : Waiting for Jetty server to come online...
[20:12:57.505|DEBUG] jetty.JettyContainer                    : Waiting for Jetty server to come online...
[20:12:57.755|DEBUG] jetty.JettyContainer                    : Waiting for Jetty server to come online...
[20:12:58.005|DEBUG] jetty.JettyContainer                    : Waiting for Jetty server to come online...
[20:12:58.255|DEBUG] jetty.JettyContainer                    : Waiting for Jetty server to come online...
[20:12:58.505|DEBUG] jetty.JettyContainer                    : Waiting for Jetty server to come online...
[20:12:58.755|DEBUG] jetty.JettyContainer                    : Waiting for Jetty server to come online...
[20:12:59.005|DEBUG] jetty.JettyContainer                    : Waiting for Jetty server to come online...
[20:12:59.255|DEBUG] jetty.JettyContainer                    : Waiting for Jetty server to come online...
[20:12:59.505|DEBUG] jetty.JettyContainer                    : Waiting for Jetty server to come online...
[20:12:59.755|DEBUG] jetty.JettyContainer                    : Waiting for Jetty server to come online...
[20:13:00.005|DEBUG] jetty.JettyContainer                    : Waiting for Jetty server to come online...
[20:13:00.255|DEBUG] jetty.JettyContainer                    : Waiting for Jetty server to come online...
[20:13:00.505|DEBUG] jetty.JettyContainer                    : Waiting for Jetty server to come online...
[20:13:00.755|DEBUG] jetty.JettyContainer                    : Waiting for Jetty server to come online...
[20:13:01.005|DEBUG] jetty.JettyContainer                    : Waiting for Jetty server to come online...
[20:13:01.255|DEBUG] jetty.JettyContainer                    : Waiting for Jetty server to come online...
[20:13:01.508|DEBUG] jetty.JettyContainer                    : Waiting for Jetty server to come online...
[20:13:01.758|DEBUG] jetty.JettyContainer                    : Waiting for Jetty server to come online...
[20:13:02.008|DEBUG] jetty.JettyContainer                    : Waiting for Jetty server to come online...
[20:13:02.258|DEBUG] jetty.JettyContainer                    : Waiting for Jetty server to come online...
[20:13:02.508|DEBUG] jetty.JettyContainer                    : Waiting for Jetty server to come online...
[20:13:02.761|DEBUG] jetty.JettyContainer                    : Waiting for Jetty server to come online...
[20:13:03.011|DEBUG] jetty.JettyContainer                    : Waiting for Jetty server to come online...
[20:13:03.261|DEBUG] jetty.JettyContainer                    : Waiting for Jetty server to come online...
[20:13:03.511|DEBUG] jetty.JettyContainer                    : Waiting for Jetty server to come online...
[20:13:03.761|DEBUG] jetty.JettyContainer                    : Waiting for Jetty server to come online...
[20:13:04.011|DEBUG] jetty.JettyContainer                    : Waiting for Jetty server to come online...
[20:13:04.261|DEBUG] jetty.JettyContainer                    : Waiting for Jetty server to come online...
[20:13:04.514|DEBUG] jetty.JettyContainer                    : Waiting for Jetty server to come online...
[20:13:04.764|DEBUG] jetty.JettyContainer                    : Waiting for Jetty server to come online...
[20:13:05.014|DEBUG] jetty.JettyContainer                    : Waiting for Jetty server to come online...
[20:13:05.264|DEBUG] jetty.JettyContainer                    : Waiting for Jetty server to come online...
[20:13:05.514|DEBUG] jetty.JettyContainer                    : Waiting for Jetty server to come online...
[20:13:05.766|DEBUG] jetty.JettyContainer                    : Waiting for Jetty server to come online...
[20:13:06.016|DEBUG] jetty.JettyContainer                    : Waiting for Jetty server to come online...
[20:13:06.266|DEBUG] jetty.JettyContainer                    : Waiting for Jetty server to come online...
[20:13:06.516|DEBUG] jetty.JettyContainer                    : Waiting for Jetty server to come online...
[20:13:06.766|DEBUG] jetty.JettyContainer                    : Waiting for Jetty server to come online...
[20:13:07.016|DEBUG] jetty.JettyContainer                    : Waiting for Jetty server to come online...
[20:13:07.266|DEBUG] jetty.JettyContainer                    : Waiting for Jetty server to come online...
[20:13:07.520|DEBUG] jetty.JettyContainer                    : Waiting for Jetty server to come online...
[20:13:07.770|DEBUG] jetty.JettyContainer                    : Waiting for Jetty server to come online...
[20:13:08.020|DEBUG] jetty.JettyContainer                    : Waiting for Jetty server to come online...
[20:13:08.270|DEBUG] jetty.JettyContainer                    : Waiting for Jetty server to come online...
[20:13:08.520|DEBUG] jetty.JettyContainer                    : Waiting for Jetty server to come online...
[20:13:08.770|DEBUG] jetty.JettyContainer                    : Waiting for Jetty server to come online...
[20:13:09.020|DEBUG] jetty.JettyContainer                    : Waiting for Jetty server to come online...
[20:13:09.270|DEBUG] jetty.JettyContainer                    : Waiting for Jetty server to come online...
[20:13:09.520|DEBUG] jetty.JettyContainer                    : Waiting for Jetty server to come online...
[20:13:09.770|DEBUG] jetty.JettyContainer                    : Waiting for Jetty server to come online...
[20:13:10.021|DEBUG] jetty.JettyContainer                    : Waiting for Jetty server to come online...
[20:13:10.271|DEBUG] jetty.JettyContainer                    : Waiting for Jetty server to come online...
[20:13:10.524|DEBUG] jetty.JettyContainer                    : Waiting for Jetty server to come online...
[20:13:10.774|DEBUG] jetty.JettyContainer                    : Waiting for Jetty server to come online...
[20:13:11.024|DEBUG] jetty.JettyContainer                    : Waiting for Jetty server to come online...
[20:13:11.274|DEBUG] jetty.JettyContainer                    : Waiting for Jetty server to come online...
[20:13:11.524|DEBUG] jetty.JettyContainer                    : Waiting for Jetty server to come online...
[20:13:11.777|DEBUG] jetty.JettyContainer                    : Waiting for Jetty server to come online...
[20:13:12.027|DEBUG] jetty.JettyContainer                    : Waiting for Jetty server to come online...
[20:13:12.277|DEBUG] jetty.JettyContainer                    : Waiting for Jetty server to come online...
[20:13:12.527|DEBUG] jetty.JettyContainer                    : Waiting for Jetty server to come online...
[20:13:12.777|DEBUG] jetty.JettyContainer                    : Waiting for Jetty server to come online...
[20:13:13.027|DEBUG] jetty.JettyContainer                    : Waiting for Jetty server to come online...
[20:13:13.277|DEBUG] jetty.JettyContainer                    : Waiting for Jetty server to come online...
[20:13:13.527|DEBUG] jetty.JettyContainer                    : Waiting for Jetty server to come online...
[20:13:13.777|DEBUG] jetty.JettyContainer                    : Waiting for Jetty server to come online...
[20:13:14.027|DEBUG] jetty.JettyContainer                    : Waiting for Jetty server to come online...
[20:13:14.277|DEBUG] jetty.JettyContainer                    : Waiting for Jetty server to come online...
[20:13:14.527|DEBUG] jetty.JettyContainer                    : Waiting for Jetty server to come online...
[20:13:14.781|DEBUG] jetty.JettyContainer                    : Waiting for Jetty server to come online...
[20:13:15.031|DEBUG] jetty.JettyContainer                    : Waiting for Jetty server to come online...
[20:13:15.281|DEBUG] jetty.JettyContainer                    : Waiting for Jetty server to come online...
[20:13:15.531|DEBUG] jetty.JettyContainer                    : Waiting for Jetty server to come online...
[20:13:15.781|DEBUG] jetty.JettyContainer                    : Waiting for Jetty server to come online...
[20:13:16.031|DEBUG] jetty.JettyContainer                    : Waiting for Jetty server to come online...
[20:13:16.281|DEBUG] jetty.JettyContainer                    : Waiting for Jetty server to come online...
[20:13:16.531|DEBUG] jetty.JettyContainer                    : Waiting for Jetty server to come online...
[20:13:16.781|DEBUG] jetty.JettyContainer                    : Waiting for Jetty server to come online...
[20:13:17.031|DEBUG] jetty.JettyContainer                    : Waiting for Jetty server to come online...
[20:13:17.281|DEBUG] jetty.JettyContainer                    : Waiting for Jetty server to come online...
[20:13:17.531|DEBUG] jetty.JettyContainer                    : Waiting for Jetty server to come online...
[20:13:17.781|DEBUG] jetty.JettyContainer                    : Waiting for Jetty server to come online...
[20:13:18.031|DEBUG] jetty.JettyContainer                    : Waiting for Jetty server to come online...
[20:13:18.281|DEBUG] jetty.JettyContainer                    : Waiting for Jetty server to come online...
[20:13:18.531|DEBUG] jetty.JettyContainer                    : Waiting for Jetty server to come online...
[20:13:18.781|DEBUG] jetty.JettyContainer                    : Waiting for Jetty server to come online...
[20:13:19.031|DEBUG] jetty.JettyContainer                    : Waiting for Jetty server to come online...
[20:13:19.281|DEBUG] jetty.JettyContainer                    : Waiting for Jetty server to come online...
[20:13:19.531|DEBUG] jetty.JettyContainer                    : Waiting for Jetty server to come online...
[20:13:19.781|DEBUG] jetty.JettyContainer                    : Waiting for Jetty server to come online...
[20:13:20.031|DEBUG] jetty.JettyContainer                    : Waiting for Jetty server to come online...
[20:13:20.281|DEBUG] jetty.JettyContainer                    : Waiting for Jetty server to come online...
[20:13:20.531|DEBUG] jetty.JettyContainer                    : Waiting for Jetty server to come online...
[20:13:20.782|DEBUG] jetty.JettyContainer                    : Waiting for Jetty server to come online...
[20:13:21.032|DEBUG] jetty.JettyContainer                    : Waiting for Jetty server to come online...
[20:13:21.282|DEBUG] jetty.JettyContainer                    : Waiting for Jetty server to come online...
[20:13:21.532|DEBUG] jetty.JettyContainer                    : Waiting for Jetty server to come online...
[20:13:21.782|DEBUG] jetty.JettyContainer                    : Waiting for Jetty server to come online...
[20:13:22.032|DEBUG] jetty.JettyContainer                    : Waiting for Jetty server to come online...
[20:13:22.282|DEBUG] jetty.JettyContainer                    : Waiting for Jetty server to come online...
[20:13:22.532|DEBUG] jetty.JettyContainer                    : Waiting for Jetty server to come online...
[20:13:22.782|DEBUG] jetty.JettyContainer                    : Waiting for Jetty server to come online...
[20:13:23.032|DEBUG] jetty.JettyContainer                    : Waiting for Jetty server to come online...
[20:13:23.282|DEBUG] jetty.JettyContainer                    : Waiting for Jetty server to come online...
[20:13:23.532|DEBUG] jetty.JettyContainer                    : Waiting for Jetty server to come online...
[20:13:23.782|DEBUG] jetty.JettyContainer                    : Waiting for Jetty server to come online...
[20:13:24.032|DEBUG] jetty.JettyContainer                    : Waiting for Jetty server to come online...
[20:13:24.282|DEBUG] jetty.JettyContainer                    : Waiting for Jetty server to come online...
[20:13:24.532|DEBUG] jetty.JettyContainer                    : Waiting for Jetty server to come online...
[20:13:24.782|DEBUG] jetty.JettyContainer                    : Waiting for Jetty server to come online...
[20:13:25.032|DEBUG] jetty.JettyContainer                    : Waiting for Jetty server to come online...
[20:13:25.282|DEBUG] jetty.JettyContainer                    : Waiting for Jetty server to come online...
[20:13:25.532|DEBUG] jetty.JettyContainer                    : Waiting for Jetty server to come online...
[20:13:25.784|DEBUG] jetty.JettyContainer                    : Waiting for Jetty server to come online...
[20:13:26.034|DEBUG] jetty.JettyContainer                    : Waiting for Jetty server to come online...
[20:13:26.284|DEBUG] jetty.JettyContainer                    : Waiting for Jetty server to come online...
[20:13:26.534|DEBUG] jetty.JettyContainer                    : Waiting for Jetty server to come online...
[20:13:26.784|DEBUG] jetty.JettyContainer                    : Waiting for Jetty server to come online...
[20:13:27.034|DEBUG] jetty.JettyContainer                    : Waiting for Jetty server to come online...
[20:13:27.284|DEBUG] jetty.JettyContainer                    : Waiting for Jetty server to come online...
[20:13:27.537|DEBUG] jetty.JettyContainer                    : Waiting for Jetty server to come online...
[20:13:27.787|DEBUG] jetty.JettyContainer                    : Waiting for Jetty server to come online...
[20:13:28.037|DEBUG] jetty.JettyContainer                    : Waiting for Jetty server to come online...
[20:13:28.287|DEBUG] jetty.JettyContainer                    : Waiting for Jetty server to come online...
[20:13:28.537|DEBUG] jetty.JettyContainer                    : Waiting for Jetty server to come online...
[20:13:28.787|DEBUG] jetty.JettyContainer                    : Waiting for Jetty server to come online...
[20:13:29.037|DEBUG] jetty.JettyContainer                    : Waiting for Jetty server to come online...
[20:13:29.287|DEBUG] jetty.JettyContainer                    : Waiting for Jetty server to come online...
[20:13:29.537|DEBUG] jetty.JettyContainer                    : Waiting for Jetty server to come online...
[20:13:29.787|DEBUG] jetty.JettyContainer                    : Waiting for Jetty server to come online...
[20:13:30.041|DEBUG] jetty.JettyContainer                    : Waiting for Jetty server to come online...
[20:13:30.291|DEBUG] jetty.JettyContainer                    : Waiting for Jetty server to come online...
[20:13:30.541|DEBUG] jetty.JettyContainer                    : Waiting for Jetty server to come online...
[20:13:30.791|DEBUG] jetty.JettyContainer                    : Waiting for Jetty server to come online...
[20:13:31.041|DEBUG] jetty.JettyContainer                    : Waiting for Jetty server to come online...
[20:13:31.292|DEBUG] jetty.JettyContainer                    : Waiting for Jetty server to come online...
[20:13:31.546|DEBUG] jetty.JettyContainer                    : Waiting for Jetty server to come online...
[20:13:31.796|DEBUG] jetty.JettyContainer                    : Waiting for Jetty server to come online...
[20:13:32.046|DEBUG] jetty.JettyContainer                    : Waiting for Jetty server to come online...
[20:13:32.296|DEBUG] jetty.JettyContainer                    : Waiting for Jetty server to come online...
[20:13:32.546|DEBUG] jetty.JettyContainer                    : Waiting for Jetty server to come online...
[20:13:32.796|DEBUG] jetty.JettyContainer                    : Waiting for Jetty server to come online...
[20:13:33.046|DEBUG] jetty.JettyContainer                    : Waiting for Jetty server to come online...
[20:13:33.296|DEBUG] jetty.JettyContainer                    : Waiting for Jetty server to come online...
[20:13:33.546|DEBUG] jetty.JettyContainer                    : Waiting for Jetty server to come online...
[20:13:33.796|DEBUG] jetty.JettyContainer                    : Waiting for Jetty server to come online...
[20:13:34.046|DEBUG] jetty.JettyContainer                    : Waiting for Jetty server to come online...
[20:13:34.296|DEBUG] jetty.JettyContainer                    : Waiting for Jetty server to come online...
[20:13:34.546|DEBUG] jetty.JettyContainer                    : Waiting for Jetty server to come online...
[20:13:34.796|DEBUG] jetty.JettyContainer                    : Waiting for Jetty server to come online...
[20:13:35.046|DEBUG] jetty.JettyContainer                    : Waiting for Jetty server to come online...
[20:13:35.296|DEBUG] jetty.JettyContainer                    : Waiting for Jetty server to come online...
[20:13:35.549|DEBUG] jetty.JettyContainer                    : Waiting for Jetty server to come online...
[20:13:35.799|DEBUG] jetty.JettyContainer                    : Waiting for Jetty server to come online...
[20:13:36.049|DEBUG] jetty.JettyContainer                    : Waiting for Jetty server to come online...
[20:13:36.299|DEBUG] jetty.JettyContainer                    : Waiting for Jetty server to come online...
[20:13:36.549|DEBUG] jetty.JettyContainer                    : Waiting for Jetty server to come online...
[20:13:36.799|DEBUG] jetty.JettyContainer                    : Waiting for Jetty server to come online...
[20:13:37.049|DEBUG] jetty.JettyContainer                    : Waiting for Jetty server to come online...
[20:13:37.299|DEBUG] jetty.JettyContainer                    : Waiting for Jetty server to come online...
[20:13:37.549|DEBUG] jetty.JettyContainer                    : Waiting for Jetty server to come online...
[20:13:37.799|DEBUG] jetty.JettyContainer                    : Waiting for Jetty server to come online...
[20:13:38.051|DEBUG] jetty.JettyContainer                    : Waiting for Jetty server to come online...
[20:13:38.301|DEBUG] jetty.JettyContainer                    : Waiting for Jetty server to come online...
[20:13:38.551|DEBUG] jetty.JettyContainer                    : Waiting for Jetty server to come online...
[20:13:38.801|DEBUG] jetty.JettyContainer                    : Waiting for Jetty server to come online...
[20:13:39.051|DEBUG] jetty.JettyContainer                    : Waiting for Jetty server to come online...
[20:13:39.301|DEBUG] jetty.JettyContainer                    : Waiting for Jetty server to come online...
[20:13:39.551|DEBUG] jetty.JettyContainer                    : Waiting for Jetty server to come online...
[20:13:39.801|DEBUG] jetty.JettyContainer                    : Waiting for Jetty server to come online...
[20:13:40.051|DEBUG] jetty.JettyContainer                    : Waiting for Jetty server to come online...
[20:13:40.301|DEBUG] jetty.JettyContainer                    : Waiting for Jetty server to come online...
[20:13:40.551|DEBUG] jetty.JettyContainer                    : Waiting for Jetty server to come online...
[20:13:40.801|DEBUG] jetty.JettyContainer                    : Waiting for Jetty server to come online...
[20:13:41.051|DEBUG] jetty.JettyContainer                    : Waiting for Jetty server to come online...
[20:13:41.301|DEBUG] jetty.JettyContainer                    : Waiting for Jetty server to come online...
[20:13:41.551|DEBUG] jetty.JettyContainer                    : Waiting for Jetty server to come online...
[20:13:41.801|DEBUG] jetty.JettyContainer                    : Waiting for Jetty server to come online...
[20:13:42.051|DEBUG] jetty.JettyContainer                    : Waiting for Jetty server to come online...
[20:13:42.301|DEBUG] jetty.JettyContainer                    : Waiting for Jetty server to come online...
[20:13:42.551|DEBUG] jetty.JettyContainer                    : Waiting for Jetty server to come online...
[20:13:42.801|DEBUG] jetty.JettyContainer                    : Waiting for Jetty server to come online...
[20:13:43.051|DEBUG] jetty.JettyContainer                    : Waiting for Jetty server to come online...
[20:13:43.301|DEBUG] jetty.JettyContainer                    : Waiting for Jetty server to come online...
[20:13:43.553|DEBUG] jetty.JettyContainer                    : Waiting for Jetty server to come online...
[20:13:43.803|DEBUG] jetty.JettyContainer                    : Waiting for Jetty server to come online...
[20:13:44.053|DEBUG] jetty.JettyContainer                    : Waiting for Jetty server to come online...
[20:13:44.303|DEBUG] jetty.JettyContainer                    : Waiting for Jetty server to come online...
[20:13:44.553|DEBUG] jetty.JettyContainer                    : Waiting for Jetty server to come online...
[20:13:44.803|DEBUG] jetty.JettyContainer                    : Waiting for Jetty server to come online...
[20:13:45.053|DEBUG] jetty.JettyContainer                    : Waiting for Jetty server to come online...
[20:13:45.303|DEBUG] jetty.JettyContainer                    : Waiting for Jetty server to come online...
[20:13:45.553|DEBUG] jetty.JettyContainer                    : Waiting for Jetty server to come online...
[20:13:45.807|DEBUG] jetty.JettyContainer                    : Waiting for Jetty server to come online...
[20:13:46.057|DEBUG] jetty.JettyContainer                    : Waiting for Jetty server to come online...
[20:13:46.307|DEBUG] jetty.JettyContainer                    : Waiting for Jetty server to come online...
[20:13:46.558|DEBUG] jetty.JettyContainer                    : Waiting for Jetty server to come online...
[20:13:46.808|DEBUG] jetty.JettyContainer                    : Waiting for Jetty server to come online...
[20:13:47.058|DEBUG] jetty.JettyContainer                    : Waiting for Jetty server to come online...
[20:13:47.308|DEBUG] jetty.JettyContainer                    : Waiting for Jetty server to come online...
[20:13:47.558|DEBUG] jetty.JettyContainer                    : Waiting for Jetty server to come online...
[20:13:47.808|DEBUG] jetty.JettyContainer                    : Waiting for Jetty server to come online...
[20:13:48.058|DEBUG] jetty.JettyContainer                    : Waiting for Jetty server to come online...
[20:13:48.308|DEBUG] jetty.JettyContainer                    : Waiting for Jetty server to come online...
[20:13:48.558|DEBUG] jetty.JettyContainer                    : Waiting for Jetty server to come online...
[20:13:48.808|DEBUG] jetty.JettyContainer                    : Waiting for Jetty server to come online...
[20:13:49.058|DEBUG] jetty.JettyContainer                    : Waiting for Jetty server to come online...
[20:13:49.308|DEBUG] jetty.JettyContainer                    : Waiting for Jetty server to come online...
[20:13:49.558|DEBUG] jetty.JettyContainer                    : Waiting for Jetty server to come online...
[20:13:49.808|DEBUG] jetty.JettyContainer                    : Waiting for Jetty server to come online...
[20:13:50.058|DEBUG] jetty.JettyContainer                    : Waiting for Jetty server to come online...
[20:13:50.308|DEBUG] jetty.JettyContainer                    : Waiting for Jetty server to come online...
[20:13:50.558|DEBUG] jetty.JettyContainer                    : Waiting for Jetty server to come online...
[20:13:50.808|DEBUG] jetty.JettyContainer                    : Waiting for Jetty server to come online...
[20:13:51.058|DEBUG] jetty.JettyContainer                    : Waiting for Jetty server to come online...
[20:13:51.308|DEBUG] jetty.JettyContainer                    : Waiting for Jetty server to come online...
[20:13:51.558|DEBUG] jetty.JettyContainer                    : Waiting for Jetty server to come online...
[20:13:51.808|DEBUG] jetty.JettyContainer                    : Waiting for Jetty server to come online...
[20:13:52.061|DEBUG] jetty.JettyContainer                    : Waiting for Jetty server to come online...
[20:13:52.311|DEBUG] jetty.JettyContainer                    : Waiting for Jetty server to come online...
[20:13:52.561|DEBUG] jetty.JettyContainer                    : Waiting for Jetty server to come online...
[20:13:52.811|DEBUG] jetty.JettyContainer                    : Waiting for Jetty server to come online...
[20:13:53.061|DEBUG] jetty.JettyContainer                    : Waiting for Jetty server to come online...
[20:13:53.311|DEBUG] jetty.JettyContainer                    : Waiting for Jetty server to come online...
[20:13:53.561|DEBUG] jetty.JettyContainer                    : Waiting for Jetty server to come online...
[20:13:53.811|DEBUG] jetty.JettyContainer                    : Waiting for Jetty server to come online...
[20:13:54.061|DEBUG] jetty.JettyContainer                    : Waiting for Jetty server to come online...
[20:13:54.311|DEBUG] jetty.JettyContainer                    : Waiting for Jetty server to come online...
[20:13:54.561|DEBUG] jetty.JettyContainer                    : Waiting for Jetty server to come online...
[20:13:54.813|DEBUG] jetty.JettyContainer                    : Waiting for Jetty server to come online...
[20:13:55.063|DEBUG] jetty.JettyContainer                    : Waiting for Jetty server to come online...
[20:13:55.313|DEBUG] jetty.JettyContainer                    : Waiting for Jetty server to come online...
[20:13:55.563|DEBUG] jetty.JettyContainer                    : Waiting for Jetty server to come online...
[20:13:55.813|DEBUG] jetty.JettyContainer                    : Waiting for Jetty server to come online...
[20:13:56.063|DEBUG] jetty.JettyContainer                    : Waiting for Jetty server to come online...
[20:13:56.313|DEBUG] jetty.JettyContainer                    : Waiting for Jetty server to come online...
[20:13:56.563|DEBUG] jetty.JettyContainer                    : Waiting for Jetty server to come online...
[20:13:56.813|DEBUG] jetty.JettyContainer                    : Waiting for Jetty server to come online...
[20:13:57.063|DEBUG] jetty.JettyContainer                    : Waiting for Jetty server to come online...
[20:13:57.313|DEBUG] jetty.JettyContainer                    : Waiting for Jetty server to come online...
[20:13:57.563|DEBUG] jetty.JettyContainer                    : Waiting for Jetty server to come online...
[20:13:57.814|DEBUG] jetty.JettyContainer                    : Waiting for Jetty server to come online...
[20:13:58.065|DEBUG] jetty.JettyContainer                    : Waiting for Jetty server to come online...
[20:13:58.315|DEBUG] jetty.JettyContainer                    : Waiting for Jetty server to come online...
[20:13:58.565|DEBUG] jetty.JettyContainer                    : Waiting for Jetty server to come online...
[20:13:58.815|DEBUG] jetty.JettyContainer                    : Waiting for Jetty server to come online...
[20:13:59.065|DEBUG] jetty.JettyContainer                    : Waiting for Jetty server to come online...
[20:13:59.315|DEBUG] jetty.JettyContainer                    : Waiting for Jetty server to come online...
[20:13:59.565|DEBUG] jetty.JettyContainer                    : Waiting for Jetty server to come online...
[20:13:59.815|DEBUG] jetty.JettyContainer                    : Waiting for Jetty server to come online...
[20:14:00.066|DEBUG] jetty.JettyContainer                    : Waiting for Jetty server to come online...
[20:14:00.316|DEBUG] jetty.JettyContainer                    : Waiting for Jetty server to come online...
[20:14:00.566|DEBUG] jetty.JettyContainer                    : Waiting for Jetty server to come online...
[20:14:00.816|DEBUG] jetty.JettyContainer                    : Waiting for Jetty server to come online...
[20:14:01.066|DEBUG] jetty.JettyContainer                    : Waiting for Jetty server to come online...
[20:14:01.316|DEBUG] jetty.JettyContainer                    : Waiting for Jetty server to come online...
[20:14:01.566|DEBUG] jetty.JettyContainer                    : Waiting for Jetty server to come online...
[20:14:01.816|DEBUG] jetty.JettyContainer                    : Waiting for Jetty server to come online...
[20:14:02.066|DEBUG] jetty.JettyContainer                    : Waiting for Jetty server to come online...
[20:14:02.316|DEBUG] jetty.JettyContainer                    : Waiting for Jetty server to come online...
[20:14:02.566|DEBUG] jetty.JettyContainer                    : Waiting for Jetty server to come online...
[20:14:02.816|DEBUG] jetty.JettyContainer                    : Waiting for Jetty server to come online...
[20:14:03.066|DEBUG] jetty.JettyContainer                    : Waiting for Jetty server to come online...
[20:14:03.316|DEBUG] jetty.JettyContainer                    : Waiting for Jetty server to come online...
[20:14:03.566|DEBUG] jetty.JettyContainer                    : Waiting for Jetty server to come online...
[20:14:03.816|DEBUG] jetty.JettyContainer                    : Waiting for Jetty server to come online...
[20:14:04.066|DEBUG] jetty.JettyContainer                    : Waiting for Jetty server to come online...
[20:14:04.316|DEBUG] jetty.JettyContainer                    : Waiting for Jetty server to come online...
[20:14:04.566|DEBUG] jetty.JettyContainer                    : Waiting for Jetty server to come online...
[20:14:04.816|DEBUG] jetty.JettyContainer                    : Waiting for Jetty server to come online...
[20:14:05.066|DEBUG] jetty.JettyContainer                    : Waiting for Jetty server to come online...
[20:14:05.316|DEBUG] jetty.JettyContainer                    : Waiting for Jetty server to come online...
[20:14:05.566|DEBUG] jetty.JettyContainer                    : Waiting for Jetty server to come online...
[20:14:05.816|DEBUG] jetty.JettyContainer                    : Waiting for Jetty server to come online...
[20:14:06.066|DEBUG] jetty.JettyContainer                    : Waiting for Jetty server to come online...
[20:14:06.316|DEBUG] jetty.JettyContainer                    : Waiting for Jetty server to come online...
[20:14:06.566|DEBUG] jetty.JettyContainer                    : Waiting for Jetty server to come online...
[20:14:06.816|DEBUG] jetty.JettyContainer                    : Waiting for Jetty server to come online...
[20:14:07.069|DEBUG] jetty.JettyContainer                    : Waiting for Jetty server to come online...
[20:14:07.319|DEBUG] jetty.JettyContainer                    : Waiting for Jetty server to come online...
[20:14:07.569|DEBUG] jetty.JettyContainer                    : Waiting for Jetty server to come online...
[20:14:07.819|DEBUG] jetty.JettyContainer                    : Waiting for Jetty server to come online...
[20:14:08.069|DEBUG] jetty.JettyContainer                    : Waiting for Jetty server to come online...
[20:14:08.319|DEBUG] jetty.JettyContainer                    : Waiting for Jetty server to come online...
[20:14:08.569|DEBUG] jetty.JettyContainer                    : Waiting for Jetty server to come online...
[20:14:08.819|DEBUG] jetty.JettyContainer                    : Waiting for Jetty server to come online...
[20:14:09.069|DEBUG] jetty.JettyContainer                    : Waiting for Jetty server to come online...
[20:14:09.319|DEBUG] jetty.JettyContainer                    : Waiting for Jetty server to come online...
[20:14:09.569|DEBUG] jetty.JettyContainer                    : Waiting for Jetty server to come online...
[20:14:09.819|DEBUG] jetty.JettyContainer                    : Waiting for Jetty server to come online...
[20:14:10.072|DEBUG] jetty.JettyContainer                    : Waiting for Jetty server to come online...
[20:15:22.253|INFO ] insulae.EntryPoint                      : Extracting resources.
[20:15:22.254|ERROR] insulae.EntryPoint                      : Caught exception.
java.io.FileNotFoundException: cli (Access is denied)
	at java.io.FileOutputStream.open(Native Method)
	at java.io.FileOutputStream.<init>(Unknown Source)
	at java.io.FileOutputStream.<init>(Unknown Source)
	at com.warspite.insulae.ResourceExtractor.extract(ResourceExtractor.java:50)
	at com.warspite.insulae.ResourceExtractor.extract(ResourceExtractor.java:23)
	at com.warspite.insulae.EntryPoint.main(EntryPoint.java:19)
[20:20:22.863|INFO ] insulae.EntryPoint                      : Extracting resources.
[20:20:22.864|DEBUG] insulae.ResourceExtractor               : Will extract cli from CodeSource.
[20:20:22.865|ERROR] insulae.ResourceExtractor               : Resource extraction failed.
java.io.FileNotFoundException: cli (Access is denied)
	at java.io.FileOutputStream.open(Native Method)
	at java.io.FileOutputStream.<init>(Unknown Source)
	at java.io.FileOutputStream.<init>(Unknown Source)
	at com.warspite.insulae.ResourceExtractor.extract(ResourceExtractor.java:52)
	at com.warspite.insulae.ResourceExtractor.extract(ResourceExtractor.java:23)
	at com.warspite.insulae.EntryPoint.main(EntryPoint.java:19)
[20:20:22.867|INFO ] insulae.EntryPoint                      : Creating Jetty container.
[20:20:22.867|INFO ] insulae.EntryPoint                      : Registering CLI listeners.
[20:20:22.868|INFO ] insulae.EntryPoint                      : Starting CLI.
[20:20:34.889|DEBUG] cli.Cli                                 : Received command 'cli exit'.
[20:25:10.038|INFO ] insulae.EntryPoint                      : Extracting resources.
[20:25:10.038|DEBUG] insulae.ResourceExtractor               : Will extract cli from CodeSource.
[20:25:10.038|DEBUG] insulae.ResourceExtractor               : Will extract boot.cli from CodeSource.
[20:25:10.043|DEBUG] insulae.ResourceExtractor               : Extracted file boot.cli from CodeSource.
[20:25:10.648|INFO ] insulae.EntryPoint                      : Creating Jetty container.
[20:25:10.648|INFO ] insulae.EntryPoint                      : Registering CLI listeners.
[20:25:10.648|INFO ] insulae.EntryPoint                      : Starting CLI.
[20:25:15.458|DEBUG] cli.Cli                                 : Received command 'cli list'.
[20:25:24.639|DEBUG] cli.Cli                                 : Received command 'cli exit'.
[20:32:51.379|INFO ] insulae.EntryPoint                      : Extracting resources.
[20:32:51.383|DEBUG] insulae.ResourceExtractor               : Will extract cli\boot.cli from CodeSource.
[20:32:51.383|DEBUG] insulae.ResourceExtractor               : Extracted file cli\boot.cli from CodeSource.
[20:32:51.990|INFO ] insulae.EntryPoint                      : Creating Jetty container.
[20:32:51.991|INFO ] insulae.EntryPoint                      : Registering CLI listeners.
[20:32:51.991|INFO ] insulae.EntryPoint                      : Starting CLI.
[20:32:51.991|DEBUG] cli.Cli                                 : Received command 'print ExecutingInsulaeBootScript'.
[20:32:51.992|ERROR] cli.ScriptExecutor                      : Failed to execute command "print ExecutingInsulaeBootScript" from script "cli/boot.cli".
com.warspite.common.cli.exceptions.CliException: Unrecognized listener 'print'. Type 'cli help' for help.
	at com.warspite.common.cli.Cli.parseCommand(Cli.java:104)
	at com.warspite.common.cli.ScriptExecutor.executeScript(ScriptExecutor.java:55)
	at com.warspite.common.cli.Cli.start(Cli.java:58)
	at com.warspite.insulae.EntryPoint.main(EntryPoint.java:28)
[20:32:51.995|DEBUG] cli.Cli                                 : Received command 'print StartingJetty'.
[20:32:51.995|ERROR] cli.ScriptExecutor                      : Failed to execute command "print StartingJetty" from script "cli/boot.cli".
com.warspite.common.cli.exceptions.CliException: Unrecognized listener 'print'. Type 'cli help' for help.
	at com.warspite.common.cli.Cli.parseCommand(Cli.java:104)
	at com.warspite.common.cli.ScriptExecutor.executeScript(ScriptExecutor.java:55)
	at com.warspite.common.cli.Cli.start(Cli.java:58)
	at com.warspite.insulae.EntryPoint.main(EntryPoint.java:28)
[20:32:51.996|DEBUG] cli.Cli                                 : Received command 'jetty start 8080'.
[20:32:52.007|DEBUG] jetty.JettyRunner                       : Extracting war file.
[20:32:52.543|DEBUG] insulae.ResourceExtractor               : Will extract insulae-web-1.0.0-SNAPSHOT.war from CodeSource.
[20:32:52.544|DEBUG] insulae.ResourceExtractor               : Overwriting existing file insulae-web-1.0.0-SNAPSHOT.war.
[20:32:52.676|DEBUG] insulae.ResourceExtractor               : Extracted file insulae-web-1.0.0-SNAPSHOT.war from CodeSource.
[20:32:52.676|DEBUG] jetty.JettyRunner                       : Extracted insulae-web-1.0.0-SNAPSHOT.war
[20:32:52.676|DEBUG] jetty.JettyRunner                       : Creating Jetty server at port 8080, using WAR insulae-web-1.0.0-SNAPSHOT.war
[20:32:52.711|DEBUG] jetty.JettyRunner                       : Jetty server created.
[20:32:52.711|DEBUG] jetty.JettyContainer                    : Waiting for Jetty server to come online...
[20:32:52.711|DEBUG] jetty.JettyRunner                       : Starting Jetty server.
[20:32:52.961|DEBUG] jetty.JettyContainer                    : Waiting for Jetty server to come online...
[20:32:53.134|DEBUG] jetty.JettyRunner                       : Jetty server started.
[20:32:53.211|INFO ] jetty.JettyContainer                    : Jetty server is online.
[20:32:53.211|DEBUG] cli.Cli                                 : Received command 'print DoneExecutingInsulaeBootScript'.
[20:32:53.211|ERROR] cli.ScriptExecutor                      : Failed to execute command "print DoneExecutingInsulaeBootScript" from script "cli/boot.cli".
com.warspite.common.cli.exceptions.CliException: Unrecognized listener 'print'. Type 'cli help' for help.
	at com.warspite.common.cli.Cli.parseCommand(Cli.java:104)
	at com.warspite.common.cli.ScriptExecutor.executeScript(ScriptExecutor.java:55)
	at com.warspite.common.cli.Cli.start(Cli.java:58)
	at com.warspite.insulae.EntryPoint.main(EntryPoint.java:28)
[20:33:27.802|DEBUG] cli.Cli                                 : Received command 'cli exit'.
[20:33:27.803|INFO ] jetty.JettyContainer                    : Waiting for server shutdown...
[20:33:27.886|DEBUG] jetty.JettyRunner                       : Stopping Jetty server.
[20:33:27.993|DEBUG] jetty.JettyRunner                       : Jetty server stopped.
[20:33:27.993|DEBUG] jetty.JettyRunner                       : Cleaning up.
[20:33:28.053|INFO ] jetty.JettyContainer                    : Server is offline, exiting.
[20:34:29.077|INFO ] insulae.EntryPoint                      : Extracting resources.
[20:34:29.081|DEBUG] insulae.ResourceExtractor               : Will extract cli\boot.cli from CodeSource.
[20:34:29.081|DEBUG] insulae.ResourceExtractor               : Overwriting existing file cli\boot.cli.
[20:34:29.081|DEBUG] insulae.ResourceExtractor               : Extracted file cli\boot.cli from CodeSource.
[20:34:29.686|INFO ] insulae.EntryPoint                      : Creating Jetty container.
[20:34:29.687|INFO ] insulae.EntryPoint                      : Registering CLI listeners.
[20:34:29.687|INFO ] insulae.EntryPoint                      : Starting CLI.
[20:34:29.687|DEBUG] cli.Cli                                 : Received command 'cli print ExecutingInsulaeBootScript'.
[20:34:29.698|DEBUG] cli.Cli                                 : Received command 'cli print StartingJetty'.
[20:34:29.698|DEBUG] cli.Cli                                 : Received command 'jetty start 8080'.
[20:34:29.699|DEBUG] jetty.JettyRunner                       : Extracting war file.
[20:34:30.234|DEBUG] insulae.ResourceExtractor               : Will extract insulae-web-1.0.0-SNAPSHOT.war from CodeSource.
[20:34:30.360|DEBUG] insulae.ResourceExtractor               : Extracted file insulae-web-1.0.0-SNAPSHOT.war from CodeSource.
[20:34:30.361|DEBUG] jetty.JettyRunner                       : Extracted insulae-web-1.0.0-SNAPSHOT.war
[20:34:30.361|DEBUG] jetty.JettyRunner                       : Creating Jetty server at port 8080, using WAR insulae-web-1.0.0-SNAPSHOT.war
[20:34:30.395|DEBUG] jetty.JettyRunner                       : Jetty server created.
[20:34:30.396|DEBUG] jetty.JettyContainer                    : Waiting for Jetty server to come online...
[20:34:30.396|DEBUG] jetty.JettyRunner                       : Starting Jetty server.
[20:34:30.646|DEBUG] jetty.JettyContainer                    : Waiting for Jetty server to come online...
[20:34:30.763|DEBUG] jetty.JettyRunner                       : Jetty server started.
[20:34:30.896|INFO ] jetty.JettyContainer                    : Jetty server is online.
[20:34:30.896|DEBUG] cli.Cli                                 : Received command 'cli print DoneExecutingInsulaeBootScript'.
[20:35:07.539|DEBUG] cli.Cli                                 : Received command 'cli exit'.
[20:35:07.539|INFO ] jetty.JettyContainer                    : Waiting for server shutdown...
[20:35:07.773|DEBUG] jetty.JettyRunner                       : Stopping Jetty server.
[20:35:07.789|INFO ] jetty.JettyContainer                    : Waiting for server shutdown...
[20:35:07.880|DEBUG] jetty.JettyRunner                       : Jetty server stopped.
[20:35:07.880|DEBUG] jetty.JettyRunner                       : Cleaning up.
[20:35:08.039|INFO ] jetty.JettyContainer                    : Server is offline, exiting.
